ast.BlockStmt{
  Body: []ast.Stmt{
    ast.VarDeclarationStmt{
      Identifier: "n",
      AssignedValue: ast.NumberExpr{
        Value: 0,
      },
    },
    ast.VarDeclarationStmt{
      Identifier: "reading",
      AssignedValue: ast.NumberExpr{
        Value: 1,
      },
    },
    ast.WhileStmt{
      Condition: ast.BinaryExpr{
        Left: ast.SymbolExpr{
          Value: "reading",
        },
        Operator: lexer.Token{
          Kind: 14,
          Value: "==",
        },
        Right: ast.NumberExpr{
          Value: 1,
        },
      },
      Body: ast.BlockStmt{
        Body: nil,
      },
    },
    ast.VarDeclarationStmt{
      Identifier: "S",
      AssignedValue: ast.BinaryExpr{
        Left: ast.BinaryExpr{
          Left: ast.SymbolExpr{
            Value: "n",
          },
          Operator: lexer.Token{
            Kind: 37,
            Value: "*",
          },
          Right: ast.BinaryExpr{
            Left: ast.SymbolExpr{
              Value: "n",
            },
            Operator: lexer.Token{
              Kind: 34,
              Value: "+",
            },
            Right: ast.NumberExpr{
              Value: 1,
            },
          },
        },
        Operator: lexer.Token{
          Kind: 36,
          Value: "/",
        },
        Right: ast.NumberExpr{
          Value: 2,
        },
      },
    },
    ast.VarDeclarationStmt{
      Identifier: "Q",
      AssignedValue: ast.BinaryExpr{
        Left: ast.BinaryExpr{
          Left: ast.BinaryExpr{
            Left: ast.SymbolExpr{
              Value: "n",
            },
            Operator: lexer.Token{
              Kind: 37,
              Value: "*",
            },
            Right: ast.BinaryExpr{
              Left: ast.SymbolExpr{
                Value: "n",
              },
              Operator: lexer.Token{
                Kind: 34,
                Value: "+",
              },
              Right: ast.NumberExpr{
                Value: 1,
              },
            },
          },
          Operator: lexer.Token{
            Kind: 37,
            Value: "*",
          },
          Right: ast.BinaryExpr{
            Left: ast.BinaryExpr{
              Left: ast.NumberExpr{
                Value: 2,
              },
              Operator: lexer.Token{
                Kind: 37,
                Value: "*",
              },
              Right: ast.SymbolExpr{
                Value: "n",
              },
            },
            Operator: lexer.Token{
              Kind: 34,
              Value: "+",
            },
            Right: ast.NumberExpr{
              Value: 1,
            },
          },
        },
        Operator: lexer.Token{
          Kind: 36,
          Value: "/",
        },
        Right: ast.NumberExpr{
          Value: 6,
        },
      },
    },
    ast.VarDeclarationStmt{
      Identifier: "D",
      AssignedValue: ast.BinaryExpr{
        Left: ast.BinaryExpr{
          Left: ast.SymbolExpr{
            Value: "S",
          },
          Operator: lexer.Token{
            Kind: 37,
            Value: "*",
          },
          Right: ast.SymbolExpr{
            Value: "S",
          },
        },
        Operator: lexer.Token{
          Kind: 35,
          Value: "-",
        },
        Right: ast.SymbolExpr{
          Value: "Q",
        },
      },
    },
    ast.PrintStmt{
      Argument: ast.SymbolExpr{
        Value: "D",
      },
    },
    ast.InterruptionStmt{
      IrqNumber: 0,
      Body: ast.BlockStmt{
        Body: []ast.Stmt{
          ast.VarDeclarationStmt{
            Identifier: "t",
            AssignedValue: ast.ReadIntExpr{},
          },
          ast.ExpressionStmt{
            Expression: ast.AssignmentExpr{
              Assigne: ast.SymbolExpr{
                Value: "n",
              },
              AssignedValue: ast.SymbolExpr{
                Value: "t",
              },
            },
          },
          ast.ExpressionStmt{
            Expression: ast.AssignmentExpr{
              Assigne: ast.SymbolExpr{
                Value: "reading",
              },
              AssignedValue: ast.NumberExpr{
                Value: 0,
              },
            },
          },
        },
      },
    },
  },
}