TICK    0 @ 0x77E00000 -  IntOff NoOperands; PC++ | PC=3/0x3
TICK    1 - interruptions on | false
TICK    2 @ 0x04C20000 -  MOV MvMemReg; PC++ | PC=4/0x4
TICK    3 - RF1<-memI[4], PC++ | RF1=4/0x4
TICK    4 - RM1<-memD[4] | RM1=100/0x64
TICK    5 - RM1<-memD[5] | RM1=100/0x64
TICK    6 - RM1<-memD[6] | RM1=100/0x64
TICK    7 - RM1<-memD[7] | RM1= 100/0x64
TICK    9 @ 0x0B802000 -  PUSH SingleReg; PC++ | PC=6/0x6
TICK   10 - SP=SP-4 | SP=272/0x110
TICK   11 - RF1=SP | SP=272/0x110
TICK   12 - memD[0x110]<-RM1 | memD[0x110]=0x64
TICK   13 - memD[0x111]<-RM1 | memD[0x111]=0x0
TICK   14 - memD[0x112]<-RM1 | memD[0x112]=0x0
TICK   15 - memD[0x113]<-RM1 | memD[0x113]=0x0
TICK   16 @ 0x04C20000 -  MOV MvMemReg; PC++ | PC=7/0x7
TICK   17 - RF1<-memI[7], PC++ | RF1=4/0x4
TICK   18 - RM1<-memD[4] | RM1=100/0x64
TICK   19 - RM1<-memD[5] | RM1=100/0x64
TICK   20 - RM1<-memD[6] | RM1=100/0x64
TICK   21 - RM1<-memD[7] | RM1= 100/0x64
TICK   23 @ 0x0B802000 -  PUSH SingleReg; PC++ | PC=9/0x9
TICK   24 - SP=SP-4 | SP=268/0x10C
TICK   25 - RF1=SP | SP=268/0x10C
TICK   26 - memD[0x10C]<-RM1 | memD[0x10C]=0x64
TICK   27 - memD[0x10D]<-RM1 | memD[0x10D]=0x0
TICK   28 - memD[0x10E]<-RM1 | memD[0x10E]=0x0
TICK   29 - memD[0x10F]<-RM1 | memD[0x10F]=0x0
TICK   30 @ 0x04240000 -  MOV MvImmReg; PC++ | PC=10/0xA
TICK   31 - RM2<-#1; PC++ | SP=268/0x10C
TICK   32 @ 0x0F820000 -  POP SingleReg; PC++ | PC=12/0xC
TICK   33 - RF1<-SP | RF1=268/0x10C
TICK   34 - RM1<-memD[10C] | RM1=100/0x64
TICK   35 - RM1<-memD[10D] | RM1=100/0x64
TICK   36 - RM1<-memD[10E] | RM1=100/0x64
TICK   37 - RM1<-memD[10F] | RM1= 100/0x64
TICK   38 - SP=SP+4 | SP=268/0x10C
TICK   39 @ 0x42042400 -  ADD MathRRR; PC++ | PC=13/0xD
TICK   40 - RM2<-RM1+RM2 | RM2=101/0x65 N=0,Z=0,V=0,C=0
TICK   40 - RM2<-RM1 + RM2 | RM2=101/0x65
TICK   41 @ 0x0F820000 -  POP SingleReg; PC++ | PC=14/0xE
TICK   42 - RF1<-SP | RF1=272/0x110
TICK   43 - RM1<-memD[110] | RM1=100/0x64
TICK   44 - RM1<-memD[111] | RM1=100/0x64
TICK   45 - RM1<-memD[112] | RM1=100/0x64
TICK   46 - RM1<-memD[113] | RM1= 100/0x64
TICK   47 - SP=SP+4 | SP=272/0x110
TICK   48 @ 0x4A022400 -  MUL MathRRR; PC++ | PC=15/0xF
TICK   49 - RM1<-RM1*RM2 | RM1=10100/0x2774 N=0,Z=0,V=0,C=0
TICK   49 - RM1<-RM1*RM2 | RM1=10100/0x2774
TICK   50 @ 0x0B802000 -  PUSH SingleReg; PC++ | PC=16/0x10
TICK   51 - SP=SP-4 | SP=272/0x110
TICK   52 - RF1=SP | SP=272/0x110
TICK   53 - memD[0x110]<-RM1 | memD[0x110]=0x74
TICK   54 - memD[0x111]<-RM1 | memD[0x111]=0x27
TICK   55 - memD[0x112]<-RM1 | memD[0x112]=0x0
TICK   56 - memD[0x113]<-RM1 | memD[0x113]=0x0
TICK   57 @ 0x04240000 -  MOV MvImmReg; PC++ | PC=17/0x11
TICK   58 - RM2<-#2; PC++ | SP=272/0x110
TICK   59 @ 0x0F820000 -  POP SingleReg; PC++ | PC=19/0x13
TICK   60 - RF1<-SP | RF1=272/0x110
TICK   61 - RM1<-memD[110] | RM1=116/0x74
TICK   62 - RM1<-memD[111] | RM1=10100/0x2774
TICK   63 - RM1<-memD[112] | RM1=10100/0x2774
TICK   64 - RM1<-memD[113] | RM1= 10100/0x2774
TICK   65 - SP=SP+4 | SP=272/0x110
TICK   66 @ 0x4E002400 -  DIV MathRRR; PC++ | PC=20/0x14
TICK   67 - RA<-RM1/RM2 | RA=5050/0x13BA N=0,Z=0,V=0,C=0
TICK   67 - RA<-RM1//RM2 | RA=5050/0x13BA
TICK   68 @ 0x04E00000 -  MOV MvRegMem; PC++ | PC=21/0x15
TICK   69 - RF1<-memI[0x15]; PC++ 
TICK   70 - memD[0x8]<-RA | memD[0x8]=0xBA
TICK   71 - memD[0x9]<-RA | memD[0x9]=0x13
TICK   72 - memD[0xA]<-RA | memD[0xA]=0x0
TICK   73 - memD[0xB]<-RA | memD[0xB]=0x0
TICK   74 @ 0x04C20000 -  MOV MvMemReg; PC++ | PC=23/0x17
TICK   75 - RF1<-memI[23], PC++ | RF1=4/0x4
TICK   76 - RM1<-memD[4] | RM1=100/0x64
TICK   77 - RM1<-memD[5] | RM1=100/0x64
TICK   78 - RM1<-memD[6] | RM1=100/0x64
TICK   79 - RM1<-memD[7] | RM1= 100/0x64
TICK   81 @ 0x0B802000 -  PUSH SingleReg; PC++ | PC=25/0x19
TICK   82 - SP=SP-4 | SP=272/0x110
TICK   83 - RF1=SP | SP=272/0x110
TICK   84 - memD[0x110]<-RM1 | memD[0x110]=0x64
TICK   85 - memD[0x111]<-RM1 | memD[0x111]=0x0
TICK   86 - memD[0x112]<-RM1 | memD[0x112]=0x0
TICK   87 - memD[0x113]<-RM1 | memD[0x113]=0x0
TICK   88 @ 0x04C20000 -  MOV MvMemReg; PC++ | PC=26/0x1A
TICK   89 - RF1<-memI[26], PC++ | RF1=4/0x4
TICK   90 - RM1<-memD[4] | RM1=100/0x64
TICK   91 - RM1<-memD[5] | RM1=100/0x64
TICK   92 - RM1<-memD[6] | RM1=100/0x64
TICK   93 - RM1<-memD[7] | RM1= 100/0x64
TICK   95 @ 0x0B802000 -  PUSH SingleReg; PC++ | PC=28/0x1C
TICK   96 - SP=SP-4 | SP=268/0x10C
TICK   97 - RF1=SP | SP=268/0x10C
TICK   98 - memD[0x10C]<-RM1 | memD[0x10C]=0x64
TICK   99 - memD[0x10D]<-RM1 | memD[0x10D]=0x0
TICK  100 - memD[0x10E]<-RM1 | memD[0x10E]=0x0
TICK  101 - memD[0x10F]<-RM1 | memD[0x10F]=0x0
TICK  102 @ 0x04240000 -  MOV MvImmReg; PC++ | PC=29/0x1D
TICK  103 - RM2<-#1; PC++ | SP=268/0x10C
TICK  104 @ 0x0F820000 -  POP SingleReg; PC++ | PC=31/0x1F
TICK  105 - RF1<-SP | RF1=268/0x10C
TICK  106 - RM1<-memD[10C] | RM1=100/0x64
TICK  107 - RM1<-memD[10D] | RM1=100/0x64
TICK  108 - RM1<-memD[10E] | RM1=100/0x64
TICK  109 - RM1<-memD[10F] | RM1= 100/0x64
TICK  110 - SP=SP+4 | SP=268/0x10C
TICK  111 @ 0x42042400 -  ADD MathRRR; PC++ | PC=32/0x20
TICK  112 - RM2<-RM1+RM2 | RM2=101/0x65 N=0,Z=0,V=0,C=0
TICK  112 - RM2<-RM1 + RM2 | RM2=101/0x65
TICK  113 @ 0x0F820000 -  POP SingleReg; PC++ | PC=33/0x21
TICK  114 - RF1<-SP | RF1=272/0x110
TICK  115 - RM1<-memD[110] | RM1=100/0x64
TICK  116 - RM1<-memD[111] | RM1=100/0x64
TICK  117 - RM1<-memD[112] | RM1=100/0x64
TICK  118 - RM1<-memD[113] | RM1= 100/0x64
TICK  119 - SP=SP+4 | SP=272/0x110
TICK  120 @ 0x4A022400 -  MUL MathRRR; PC++ | PC=34/0x22
TICK  121 - RM1<-RM1*RM2 | RM1=10100/0x2774 N=0,Z=0,V=0,C=0
TICK  121 - RM1<-RM1*RM2 | RM1=10100/0x2774
TICK  122 @ 0x0B802000 -  PUSH SingleReg; PC++ | PC=35/0x23
TICK  123 - SP=SP-4 | SP=272/0x110
TICK  124 - RF1=SP | SP=272/0x110
TICK  125 - memD[0x110]<-RM1 | memD[0x110]=0x74
TICK  126 - memD[0x111]<-RM1 | memD[0x111]=0x27
TICK  127 - memD[0x112]<-RM1 | memD[0x112]=0x0
TICK  128 - memD[0x113]<-RM1 | memD[0x113]=0x0
TICK  129 @ 0x04220000 -  MOV MvImmReg; PC++ | PC=36/0x24
TICK  130 - RM1<-#2; PC++ | SP=272/0x110
TICK  131 @ 0x0B802000 -  PUSH SingleReg; PC++ | PC=38/0x26
TICK  132 - SP=SP-4 | SP=268/0x10C
TICK  133 - RF1=SP | SP=268/0x10C
TICK  134 - memD[0x10C]<-RM1 | memD[0x10C]=0x2
TICK  135 - memD[0x10D]<-RM1 | memD[0x10D]=0x0
TICK  136 - memD[0x10E]<-RM1 | memD[0x10E]=0x0
TICK  137 - memD[0x10F]<-RM1 | memD[0x10F]=0x0
TICK  138 @ 0x04C40000 -  MOV MvMemReg; PC++ | PC=39/0x27
TICK  139 - RF1<-memI[39], PC++ | RF1=4/0x4
TICK  140 - RM2<-memD[4] | RM2=100/0x64
TICK  141 - RM2<-memD[5] | RM2=100/0x64
TICK  142 - RM2<-memD[6] | RM2=100/0x64
TICK  143 - RM2<-memD[7] | RM2= 100/0x64
TICK  145 @ 0x0F820000 -  POP SingleReg; PC++ | PC=41/0x29
TICK  146 - RF1<-SP | RF1=268/0x10C
TICK  147 - RM1<-memD[10C] | RM1=2/0x2
TICK  148 - RM1<-memD[10D] | RM1=2/0x2
TICK  149 - RM1<-memD[10E] | RM1=2/0x2
TICK  150 - RM1<-memD[10F] | RM1=   2/0x2
TICK  151 - SP=SP+4 | SP=268/0x10C
TICK  152 @ 0x4A022400 -  MUL MathRRR; PC++ | PC=42/0x2A
TICK  153 - RM1<-RM1*RM2 | RM1=200/0xC8 N=0,Z=0,V=0,C=0
TICK  153 - RM1<-RM1*RM2 | RM1=200/0xC8
TICK  154 @ 0x0B802000 -  PUSH SingleReg; PC++ | PC=43/0x2B
TICK  155 - SP=SP-4 | SP=268/0x10C
TICK  156 - RF1=SP | SP=268/0x10C
TICK  157 - memD[0x10C]<-RM1 | memD[0x10C]=0xC8
TICK  158 - memD[0x10D]<-RM1 | memD[0x10D]=0x0
TICK  159 - memD[0x10E]<-RM1 | memD[0x10E]=0x0
TICK  160 - memD[0x10F]<-RM1 | memD[0x10F]=0x0
TICK  161 @ 0x04240000 -  MOV MvImmReg; PC++ | PC=44/0x2C
TICK  162 - RM2<-#1; PC++ | SP=268/0x10C
TICK  163 @ 0x0F820000 -  POP SingleReg; PC++ | PC=46/0x2E
TICK  164 - RF1<-SP | RF1=268/0x10C
TICK  165 - RM1<-memD[10C] | RM1=200/0xC8
TICK  166 - RM1<-memD[10D] | RM1=200/0xC8
TICK  167 - RM1<-memD[10E] | RM1=200/0xC8
TICK  168 - RM1<-memD[10F] | RM1= 200/0xC8
TICK  169 - SP=SP+4 | SP=268/0x10C
TICK  170 @ 0x42042400 -  ADD MathRRR; PC++ | PC=47/0x2F
TICK  171 - RM2<-RM1+RM2 | RM2=201/0xC9 N=0,Z=0,V=0,C=0
TICK  171 - RM2<-RM1 + RM2 | RM2=201/0xC9
TICK  172 @ 0x0F820000 -  POP SingleReg; PC++ | PC=48/0x30
TICK  173 - RF1<-SP | RF1=272/0x110
TICK  174 - RM1<-memD[110] | RM1=116/0x74
TICK  175 - RM1<-memD[111] | RM1=10100/0x2774
TICK  176 - RM1<-memD[112] | RM1=10100/0x2774
TICK  177 - RM1<-memD[113] | RM1= 10100/0x2774
TICK  178 - SP=SP+4 | SP=272/0x110
TICK  179 @ 0x4A022400 -  MUL MathRRR; PC++ | PC=49/0x31
TICK  180 - RM1<-RM1*RM2 | RM1=2030100/0x1EFA14 N=0,Z=0,V=0,C=0
TICK  180 - RM1<-RM1*RM2 | RM1=2030100/0x1EFA14
TICK  181 @ 0x0B802000 -  PUSH SingleReg; PC++ | PC=50/0x32
TICK  182 - SP=SP-4 | SP=272/0x110
TICK  183 - RF1=SP | SP=272/0x110
TICK  184 - memD[0x110]<-RM1 | memD[0x110]=0x14
TICK  185 - memD[0x111]<-RM1 | memD[0x111]=0xFA
TICK  186 - memD[0x112]<-RM1 | memD[0x112]=0x1E
TICK  187 - memD[0x113]<-RM1 | memD[0x113]=0x0
TICK  188 @ 0x04240000 -  MOV MvImmReg; PC++ | PC=51/0x33
TICK  189 - RM2<-#6; PC++ | SP=272/0x110
TICK  190 @ 0x0F820000 -  POP SingleReg; PC++ | PC=53/0x35
TICK  191 - RF1<-SP | RF1=272/0x110
TICK  192 - RM1<-memD[110] | RM1=20/0x14
TICK  193 - RM1<-memD[111] | RM1=64020/0xFA14
TICK  194 - RM1<-memD[112] | RM1=2030100/0x1EFA14
TICK  195 - RM1<-memD[113] | RM1= 2030100/0x1EFA14
TICK  196 - SP=SP+4 | SP=272/0x110
TICK  197 @ 0x4E002400 -  DIV MathRRR; PC++ | PC=54/0x36
TICK  198 - RA<-RM1/RM2 | RA=338350/0x529AE N=0,Z=0,V=0,C=0
TICK  198 - RA<-RM1//RM2 | RA=338350/0x529AE
TICK  199 @ 0x04E00000 -  MOV MvRegMem; PC++ | PC=55/0x37
TICK  200 - RF1<-memI[0x37]; PC++ 
TICK  201 - memD[0xC]<-RA | memD[0xC]=0xAE
TICK  202 - memD[0xD]<-RA | memD[0xD]=0x29
TICK  203 - memD[0xE]<-RA | memD[0xE]=0x5
TICK  204 - memD[0xF]<-RA | memD[0xF]=0x0
TICK  205 @ 0x04C20000 -  MOV MvMemReg; PC++ | PC=57/0x39
TICK  206 - RF1<-memI[57], PC++ | RF1=8/0x8
TICK  207 - RM1<-memD[8] | RM1=186/0xBA
TICK  208 - RM1<-memD[9] | RM1=5050/0x13BA
TICK  209 - RM1<-memD[A] | RM1=5050/0x13BA
TICK  210 - RM1<-memD[B] | RM1= 5050/0x13BA
TICK  212 @ 0x0B802000 -  PUSH SingleReg; PC++ | PC=59/0x3B
TICK  213 - SP=SP-4 | SP=272/0x110
TICK  214 - RF1=SP | SP=272/0x110
TICK  215 - memD[0x110]<-RM1 | memD[0x110]=0xBA
TICK  216 - memD[0x111]<-RM1 | memD[0x111]=0x13
TICK  217 - memD[0x112]<-RM1 | memD[0x112]=0x0
TICK  218 - memD[0x113]<-RM1 | memD[0x113]=0x0
TICK  219 @ 0x04C40000 -  MOV MvMemReg; PC++ | PC=60/0x3C
TICK  220 - RF1<-memI[60], PC++ | RF1=8/0x8
TICK  221 - RM2<-memD[8] | RM2=186/0xBA
TICK  222 - RM2<-memD[9] | RM2=5050/0x13BA
TICK  223 - RM2<-memD[A] | RM2=5050/0x13BA
TICK  224 - RM2<-memD[B] | RM2= 5050/0x13BA
TICK  226 @ 0x0F820000 -  POP SingleReg; PC++ | PC=62/0x3E
TICK  227 - RF1<-SP | RF1=272/0x110
TICK  228 - RM1<-memD[110] | RM1=186/0xBA
TICK  229 - RM1<-memD[111] | RM1=5050/0x13BA
TICK  230 - RM1<-memD[112] | RM1=5050/0x13BA
TICK  231 - RM1<-memD[113] | RM1= 5050/0x13BA
TICK  232 - SP=SP+4 | SP=272/0x110
TICK  233 @ 0x4A022400 -  MUL MathRRR; PC++ | PC=63/0x3F
TICK  234 - RM1<-RM1*RM2 | RM1=25502500/0x1852324 N=0,Z=0,V=0,C=0
TICK  234 - RM1<-RM1*RM2 | RM1=25502500/0x1852324
TICK  235 @ 0x0B802000 -  PUSH SingleReg; PC++ | PC=64/0x40
TICK  236 - SP=SP-4 | SP=272/0x110
TICK  237 - RF1=SP | SP=272/0x110
TICK  238 - memD[0x110]<-RM1 | memD[0x110]=0x24
TICK  239 - memD[0x111]<-RM1 | memD[0x111]=0x23
TICK  240 - memD[0x112]<-RM1 | memD[0x112]=0x85
TICK  241 - memD[0x113]<-RM1 | memD[0x113]=0x1
TICK  242 @ 0x04C40000 -  MOV MvMemReg; PC++ | PC=65/0x41
TICK  243 - RF1<-memI[65], PC++ | RF1=12/0xC
TICK  244 - RM2<-memD[C] | RM2=174/0xAE
TICK  245 - RM2<-memD[D] | RM2=10670/0x29AE
TICK  246 - RM2<-memD[E] | RM2=338350/0x529AE
TICK  247 - RM2<-memD[F] | RM2= 338350/0x529AE
TICK  249 @ 0x0F820000 -  POP SingleReg; PC++ | PC=67/0x43
TICK  250 - RF1<-SP | RF1=272/0x110
TICK  251 - RM1<-memD[110] | RM1=36/0x24
TICK  252 - RM1<-memD[111] | RM1=8996/0x2324
TICK  253 - RM1<-memD[112] | RM1=8725284/0x852324
TICK  254 - RM1<-memD[113] | RM1= 25502500/0x1852324
TICK  255 - SP=SP+4 | SP=272/0x110
TICK  256 @ 0x46002400 -  SUB MathRRR; PC++ | PC=68/0x44
TICK  257 - RA<-RM1-RM2 | RA=25164150/0x17FF976 N=0,Z=0,V=0,C=1
TICK  258 @ 0x04E00000 -  MOV MvRegMem; PC++ | PC=69/0x45
TICK  259 - RF1<-memI[0x45]; PC++ 
TICK  260 - memD[0x10]<-RA | memD[0x10]=0x76
TICK  261 - memD[0x11]<-RA | memD[0x11]=0xF9
TICK  262 - memD[0x12]<-RA | memD[0x12]=0x7F
TICK  263 - memD[0x13]<-RA | memD[0x13]=0x1
TICK  264 @ 0x04CC0000 -  MOV MvMemReg; PC++ | PC=71/0x47
TICK  265 - RF1<-memI[71], PC++ | RF1=16/0x10
TICK  266 - ROutData<-memD[10] | ROutData=118/0x76
TICK  267 - ROutData<-memD[11] | ROutData=63862/0xF976
TICK  268 - ROutData<-memD[12] | ROutData=8386934/0x7FF976
TICK  269 - ROutData<-memD[13] | ROutData= 25164150/0x17FF976
TICK  271 @ 0x6AA00000 -  OUT Digit; PC++ | PC=73/0x49
TICK  272 - port 0 <- ROutData(0x17FF976) digit | [25164150]
TICK  273 @ 0x1BE00000 -  HALT NoOperands; PC++ | PC=74/0x4A
TICK  274 - simultaion stopped
