WHILE STATEMENT CONDITION:
[0x0002] - 04C20000 - Opc: MOV, Mode: MvMemReg, D:RM1, S1:, S2:
[0x0003] - 0000006C - Imm
[0x0004] - 0B802000 - Opc: PUSH, Mode: SingleReg, D:, S1:RM1, S2:
[0x0005] - 04240000 - Opc: MOV, Mode: MvImmReg, D:RM2, S1:, S2:
[0x0006] - 00000001 - Imm
[0x0007] - 0F820000 - Opc: POP, Mode: SingleReg, D:RM1, S1:, S2:
[0x0008] - 51C02400 - Opc: CMP, Mode: RegReg, D:, S1:RM1, S2:RM2
[0x0009] - C7000000 - Opc: JNE, Mode: JAbsAddr, D:, S1:, S2:
[0x000A] - 03E00000 - Opc: NOP, Mode: NoOperands, D:, S1:, S2:
WHILE STMT BODY:
[0x000B] - 83000000 - Opc: JMP, Mode: JAbsAddr, D:, S1:, S2:
[0x000C] - 00000002 - Imm
 # END OF WHILE STMT
[0x000D] - 04C00000 - Opc: MOV, Mode: MvMemReg, D:RA, S1:, S2:
[0x000E] - 00000074 - Imm
[0x000F] - 04E00000 - Opc: MOV, Mode: MvRegMem, D:, S1:RA, S2:
[0x0010] - 00000084 - Imm
WHILE STATEMENT CONDITION:
[0x0011] - 04C20000 - Opc: MOV, Mode: MvMemReg, D:RM1, S1:, S2:
[0x0012] - 0000007C - Imm
[0x0013] - 0B802000 - Opc: PUSH, Mode: SingleReg, D:, S1:RM1, S2:
[0x0014] - 04240000 - Opc: MOV, Mode: MvImmReg, D:RM2, S1:, S2:
[0x0015] - 00000001 - Imm
[0x0016] - 0F820000 - Opc: POP, Mode: SingleReg, D:RM1, S1:, S2:
[0x0017] - 51C02400 - Opc: CMP, Mode: RegReg, D:, S1:RM1, S2:RM2
[0x0018] - C7000000 - Opc: JNE, Mode: JAbsAddr, D:, S1:, S2:
[0x0019] - 03E00000 - Opc: NOP, Mode: NoOperands, D:, S1:, S2:
WHILE STMT BODY:
[0x001A] - 04200000 - Opc: MOV, Mode: MvImmReg, D:RA, S1:, S2:
[0x001B] - 00000000 - Imm
[0x001C] - 04E00000 - Opc: MOV, Mode: MvRegMem, D:, S1:RA, S2:
[0x001D] - 0000007C - Imm
[0x001E] - 04200000 - Opc: MOV, Mode: MvImmReg, D:RA, S1:, S2:
[0x001F] - 00000000 - Imm
[0x0020] - 04E00000 - Opc: MOV, Mode: MvRegMem, D:, S1:RA, S2:
[0x0021] - 00000078 - Imm
WHILE STATEMENT CONDITION:
[0x0022] - 04C20000 - Opc: MOV, Mode: MvMemReg, D:RM1, S1:, S2:
[0x0023] - 00000078 - Imm
[0x0024] - 0B802000 - Opc: PUSH, Mode: SingleReg, D:, S1:RM1, S2:
[0x0025] - 04C20000 - Opc: MOV, Mode: MvMemReg, D:RM1, S1:, S2:
[0x0026] - 00000084 - Imm
[0x0027] - 0B802000 - Opc: PUSH, Mode: SingleReg, D:, S1:RM1, S2:
[0x0028] - 04240000 - Opc: MOV, Mode: MvImmReg, D:RM2, S1:, S2:
[0x0029] - 00000001 - Imm
[0x002A] - 0F820000 - Opc: POP, Mode: SingleReg, D:RM1, S1:, S2:
[0x002B] - 46042400 - Opc: SUB, Mode: MathRRR, D:RM2, S1:RM1, S2:RM2
[0x002C] - 0F820000 - Opc: POP, Mode: SingleReg, D:RM1, S1:, S2:
[0x002D] - 51C02400 - Opc: CMP, Mode: RegReg, D:, S1:RM1, S2:RM2
[0x002E] - D3000000 - Opc: JGE, Mode: JAbsAddr, D:, S1:, S2:
[0x002F] - 03E00000 - Opc: NOP, Mode: NoOperands, D:, S1:, S2:
WHILE STMT BODY:
[0x0030] - 04C20000 - Opc: MOV, Mode: MvMemReg, D:RM1, S1:, S2:
[0x0031] - 00000078 - Imm
[0x0032] - 0B802000 - Opc: PUSH, Mode: SingleReg, D:, S1:RM1, S2:
[0x0033] - 04240000 - Opc: MOV, Mode: MvImmReg, D:RM2, S1:, S2:
[0x0034] - 00000001 - Imm
[0x0035] - 0F820000 - Opc: POP, Mode: SingleReg, D:RM1, S1:, S2:
[0x0036] - 42002400 - Opc: ADD, Mode: MathRRR, D:RA, S1:RM1, S2:RM2
[0x0037] - 04E00000 - Opc: MOV, Mode: MvRegMem, D:, S1:RA, S2:
[0x0038] - 00000080 - Imm
IF STATEMENT CONDITION:
[0x0039] - 04C20000 - Opc: MOV, Mode: MvMemReg, D:RM1, S1:, S2:
[0x003A] - 00000068 - Imm
[0x003B] - 04C40000 - Opc: MOV, Mode: MvMemReg, D:RM2, S1:, S2:
[0x003C] - 00000078 - Imm
[0x003D] - 42062400 - Opc: ADD, Mode: MathRRR, D:RAddr, S1:RM1, S2:RM2
[0x003E] - 05E26000 - Opc: MOV, Mode: MvLowRegIndReg, D:RM1, S1:RAddr, S2:
[0x003F] - 0B802000 - Opc: PUSH, Mode: SingleReg, D:, S1:RM1, S2:
[0x0040] - 04C20000 - Opc: MOV, Mode: MvMemReg, D:RM1, S1:, S2:
[0x0041] - 00000068 - Imm
[0x0042] - 04C40000 - Opc: MOV, Mode: MvMemReg, D:RM2, S1:, S2:
[0x0043] - 00000080 - Imm
[0x0044] - 42062400 - Opc: ADD, Mode: MathRRR, D:RAddr, S1:RM1, S2:RM2
[0x0045] - 05E46000 - Opc: MOV, Mode: MvLowRegIndReg, D:RM2, S1:RAddr, S2:
[0x0046] - 0F820000 - Opc: POP, Mode: SingleReg, D:RM1, S1:, S2:
[0x0047] - 51C02400 - Opc: CMP, Mode: RegReg, D:, S1:RM1, S2:RM2
[0x0048] - D7000000 - Opc: JLE, Mode: JAbsAddr, D:, S1:, S2:
[0x0049] - 00000000 - Imm
IF STMT CONSEQUENCE:
[0x004A] - 04C20000 - Opc: MOV, Mode: MvMemReg, D:RM1, S1:, S2:
[0x004B] - 00000068 - Imm
[0x004C] - 04C40000 - Opc: MOV, Mode: MvMemReg, D:RM2, S1:, S2:
[0x004D] - 00000078 - Imm
[0x004E] - 42062400 - Opc: ADD, Mode: MathRRR, D:RAddr, S1:RM1, S2:RM2
[0x004F] - 05F86000 - Opc: MOV, Mode: MvLowRegIndReg, D:RT2, S1:RAddr, S2:
[0x0050] - 04418000 - Opc: MOV, Mode: MvRegLowMem, D:, S1:RT2, S2:
[0x0051] - 00000088 - Imm
[0x0052] - 04C20000 - Opc: MOV, Mode: MvMemReg, D:RM1, S1:, S2:
[0x0053] - 00000068 - Imm
[0x0054] - 04C40000 - Opc: MOV, Mode: MvMemReg, D:RM2, S1:, S2:
[0x0055] - 00000080 - Imm
[0x0056] - 42062400 - Opc: ADD, Mode: MathRRR, D:RAddr, S1:RM1, S2:RM2
[0x0057] - 05E06000 - Opc: MOV, Mode: MvLowRegIndReg, D:RA, S1:RAddr, S2:
[0x0058] - 04C20000 - Opc: MOV, Mode: MvMemReg, D:RM1, S1:, S2:
[0x0059] - 00000068 - Imm
[0x005A] - 04C40000 - Opc: MOV, Mode: MvMemReg, D:RM2, S1:, S2:
[0x005B] - 00000080 - Imm
[0x005C] - 42062400 - Opc: ADD, Mode: MathRRR, D:RAddr, S1:RM1, S2:RM2
[0x005D] - 05E06000 - Opc: MOV, Mode: MvLowRegIndReg, D:RA, S1:RAddr, S2:
[0x005E] - 04C20000 - Opc: MOV, Mode: MvMemReg, D:RM1, S1:, S2:
[0x005F] - 00000068 - Imm
[0x0060] - 04C40000 - Opc: MOV, Mode: MvMemReg, D:RM2, S1:, S2:
[0x0061] - 00000078 - Imm
[0x0062] - 42062400 - Opc: ADD, Mode: MathRRR, D:RAddr, S1:RM1, S2:RM2
[0x0063] - 04A60000 - Opc: MOV, Mode: MvLowRegToRegInd, D:RAddr, S1:RA, S2:
[0x0064] - 04C00000 - Opc: MOV, Mode: MvMemReg, D:RA, S1:, S2:
[0x0065] - 00000088 - Imm
[0x0066] - 04C00000 - Opc: MOV, Mode: MvMemReg, D:RA, S1:, S2:
[0x0067] - 00000088 - Imm
[0x0068] - 04C20000 - Opc: MOV, Mode: MvMemReg, D:RM1, S1:, S2:
[0x0069] - 00000068 - Imm
[0x006A] - 04C40000 - Opc: MOV, Mode: MvMemReg, D:RM2, S1:, S2:
[0x006B] - 00000080 - Imm
[0x006C] - 42062400 - Opc: ADD, Mode: MathRRR, D:RAddr, S1:RM1, S2:RM2
[0x006D] - 04A60000 - Opc: MOV, Mode: MvLowRegToRegInd, D:RAddr, S1:RA, S2:
[0x006E] - 04200000 - Opc: MOV, Mode: MvImmReg, D:RA, S1:, S2:
[0x006F] - 00000001 - Imm
[0x0070] - 04E00000 - Opc: MOV, Mode: MvRegMem, D:, S1:RA, S2:
[0x0071] - 0000007C - Imm
[0x0072] - 04C20000 - Opc: MOV, Mode: MvMemReg, D:RM1, S1:, S2:
[0x0073] - 00000078 - Imm
[0x0074] - 0B802000 - Opc: PUSH, Mode: SingleReg, D:, S1:RM1, S2:
[0x0075] - 04240000 - Opc: MOV, Mode: MvImmReg, D:RM2, S1:, S2:
[0x0076] - 00000001 - Imm
[0x0077] - 0F820000 - Opc: POP, Mode: SingleReg, D:RM1, S1:, S2:
[0x0078] - 42002400 - Opc: ADD, Mode: MathRRR, D:RA, S1:RM1, S2:RM2
[0x0079] - 04E00000 - Opc: MOV, Mode: MvRegMem, D:, S1:RA, S2:
[0x007A] - 00000078 - Imm
[0x007B] - 83000000 - Opc: JMP, Mode: JAbsAddr, D:, S1:, S2:
[0x007C] - 00000022 - Imm
 # END OF WHILE STMT
[0x007D] - 04C20000 - Opc: MOV, Mode: MvMemReg, D:RM1, S1:, S2:
[0x007E] - 00000084 - Imm
[0x007F] - 0B802000 - Opc: PUSH, Mode: SingleReg, D:, S1:RM1, S2:
[0x0080] - 04240000 - Opc: MOV, Mode: MvImmReg, D:RM2, S1:, S2:
[0x0081] - 00000001 - Imm
[0x0082] - 0F820000 - Opc: POP, Mode: SingleReg, D:RM1, S1:, S2:
[0x0083] - 46002400 - Opc: SUB, Mode: MathRRR, D:RA, S1:RM1, S2:RM2
[0x0084] - 04E00000 - Opc: MOV, Mode: MvRegMem, D:, S1:RA, S2:
[0x0085] - 00000084 - Imm
[0x0086] - 83000000 - Opc: JMP, Mode: JAbsAddr, D:, S1:, S2:
[0x0087] - 00000011 - Imm
 # END OF WHILE STMT
[0x0088] - 04C20000 - Opc: MOV, Mode: MvMemReg, D:RM1, S1:, S2:
[0x0089] - 00000068 - Imm
[0x008A] - 04240000 - Opc: MOV, Mode: MvImmReg, D:RM2, S1:, S2:
[0x008B] - 00000000 - Imm
[0x008C] - 42062400 - Opc: ADD, Mode: MathRRR, D:RAddr, S1:RM1, S2:RM2
[0x008D] - 05F86000 - Opc: MOV, Mode: MvLowRegIndReg, D:RT2, S1:RAddr, S2:
[0x008E] - 04418000 - Opc: MOV, Mode: MvRegLowMem, D:, S1:RT2, S2:
[0x008F] - 0000008C - Imm
WHILE STATEMENT CONDITION:
[0x0090] - 04C20000 - Opc: MOV, Mode: MvMemReg, D:RM1, S1:, S2:
[0x0091] - 00000090 - Imm
[0x0092] - 0B802000 - Opc: PUSH, Mode: SingleReg, D:, S1:RM1, S2:
[0x0093] - 04C40000 - Opc: MOV, Mode: MvMemReg, D:RM2, S1:, S2:
[0x0094] - 00000074 - Imm
[0x0095] - 0F820000 - Opc: POP, Mode: SingleReg, D:RM1, S1:, S2:
[0x0096] - 51C02400 - Opc: CMP, Mode: RegReg, D:, S1:RM1, S2:RM2
[0x0097] - D3000000 - Opc: JGE, Mode: JAbsAddr, D:, S1:, S2:
[0x0098] - 03E00000 - Opc: NOP, Mode: NoOperands, D:, S1:, S2:
WHILE STMT BODY:
[0x0099] - 04C20000 - Opc: MOV, Mode: MvMemReg, D:RM1, S1:, S2:
[0x009A] - 00000068 - Imm
[0x009B] - 04C40000 - Opc: MOV, Mode: MvMemReg, D:RM2, S1:, S2:
[0x009C] - 00000090 - Imm
[0x009D] - 42062400 - Opc: ADD, Mode: MathRRR, D:RAddr, S1:RM1, S2:RM2
[0x009E] - 05E06000 - Opc: MOV, Mode: MvLowRegIndReg, D:RA, S1:RAddr, S2:
[0x009F] - 04E00000 - Opc: MOV, Mode: MvRegMem, D:, S1:RA, S2:
[0x00A0] - 0000008C - Imm
PRINT STMT
[0x00A1] - 04CC0000 - Opc: MOV, Mode: MvMemReg, D:ROutData, S1:, S2:
[0x00A2] - 0000008C - Imm
[0x00A3] - 6AA00000 - Opc: OUT, Mode: Digit, D:port Digit, S1:, S2:
[0x00A4] - 04C20000 - Opc: MOV, Mode: MvMemReg, D:RM1, S1:, S2:
[0x00A5] - 00000090 - Imm
[0x00A6] - 0B802000 - Opc: PUSH, Mode: SingleReg, D:, S1:RM1, S2:
[0x00A7] - 04240000 - Opc: MOV, Mode: MvImmReg, D:RM2, S1:, S2:
[0x00A8] - 00000001 - Imm
[0x00A9] - 0F820000 - Opc: POP, Mode: SingleReg, D:RM1, S1:, S2:
[0x00AA] - 42002400 - Opc: ADD, Mode: MathRRR, D:RA, S1:RM1, S2:RM2
[0x00AB] - 04E00000 - Opc: MOV, Mode: MvRegMem, D:, S1:RA, S2:
[0x00AC] - 00000090 - Imm
[0x00AD] - 83000000 - Opc: JMP, Mode: JAbsAddr, D:, S1:, S2:
[0x00AE] - 00000090 - Imm
 # END OF WHILE STMT
[0x00AF] - 1BE00000 - Opc: HALT, Mode: NoOperands, D:, S1:, S2:
INTERRUPTION 0 STMT
READ DIGIT EXPR
[0x00B0] - 62A00000 - Opc: IN, Mode: Digit, D:port Digit, S1:, S2:
[0x00B1] - 04E10000 - Opc: MOV, Mode: MvRegMem, D:, S1:RInData, S2:
[0x00B2] - 00000094 - Imm
IF STATEMENT CONDITION:
[0x00B3] - 04C20000 - Opc: MOV, Mode: MvMemReg, D:RM1, S1:, S2:
[0x00B4] - 00000070 - Imm
[0x00B5] - 0B802000 - Opc: PUSH, Mode: SingleReg, D:, S1:RM1, S2:
[0x00B6] - 04240000 - Opc: MOV, Mode: MvImmReg, D:RM2, S1:, S2:
[0x00B7] - 00000000 - Imm
[0x00B8] - 0F820000 - Opc: POP, Mode: SingleReg, D:RM1, S1:, S2:
[0x00B9] - 51C02400 - Opc: CMP, Mode: RegReg, D:, S1:RM1, S2:RM2
[0x00BA] - C7000000 - Opc: JNE, Mode: JAbsAddr, D:, S1:, S2:
[0x00BB] - 00000000 - Imm
IF STMT CONSEQUENCE:
[0x00BC] - 04C00000 - Opc: MOV, Mode: MvMemReg, D:RA, S1:, S2:
[0x00BD] - 00000094 - Imm
[0x00BE] - 04E00000 - Opc: MOV, Mode: MvRegMem, D:, S1:RA, S2:
[0x00BF] - 00000074 - Imm
[0x00C0] - 04200000 - Opc: MOV, Mode: MvImmReg, D:RA, S1:, S2:
[0x00C1] - 00000001 - Imm
[0x00C2] - 04E00000 - Opc: MOV, Mode: MvRegMem, D:, S1:RA, S2:
[0x00C3] - 00000070 - Imm
[0x00C4] - 83000000 - Opc: JMP, Mode: JAbsAddr, D:, S1:, S2:
[0x00C5] - 00000000 - Imm
IF STMT ALTERNATE:
[0x00C6] - 04C00000 - Opc: MOV, Mode: MvMemReg, D:RA, S1:, S2:
[0x00C7] - 00000094 - Imm
[0x00C8] - 04C00000 - Opc: MOV, Mode: MvMemReg, D:RA, S1:, S2:
[0x00C9] - 00000094 - Imm
[0x00CA] - 04C20000 - Opc: MOV, Mode: MvMemReg, D:RM1, S1:, S2:
[0x00CB] - 00000068 - Imm
[0x00CC] - 04C40000 - Opc: MOV, Mode: MvMemReg, D:RM2, S1:, S2:
[0x00CD] - 00000078 - Imm
[0x00CE] - 42062400 - Opc: ADD, Mode: MathRRR, D:RAddr, S1:RM1, S2:RM2
[0x00CF] - 04A60000 - Opc: MOV, Mode: MvLowRegToRegInd, D:RAddr, S1:RA, S2:
[0x00D0] - 04C20000 - Opc: MOV, Mode: MvMemReg, D:RM1, S1:, S2:
[0x00D1] - 00000078 - Imm
[0x00D2] - 0B802000 - Opc: PUSH, Mode: SingleReg, D:, S1:RM1, S2:
[0x00D3] - 04240000 - Opc: MOV, Mode: MvImmReg, D:RM2, S1:, S2:
[0x00D4] - 00000001 - Imm
[0x00D5] - 0F820000 - Opc: POP, Mode: SingleReg, D:RM1, S1:, S2:
[0x00D6] - 42002400 - Opc: ADD, Mode: MathRRR, D:RA, S1:RM1, S2:RM2
[0x00D7] - 04E00000 - Opc: MOV, Mode: MvRegMem, D:, S1:RA, S2:
[0x00D8] - 00000078 - Imm
IF STATEMENT CONDITION:
[0x00D9] - 04C20000 - Opc: MOV, Mode: MvMemReg, D:RM1, S1:, S2:
[0x00DA] - 00000074 - Imm
[0x00DB] - 0B802000 - Opc: PUSH, Mode: SingleReg, D:, S1:RM1, S2:
[0x00DC] - 04240000 - Opc: MOV, Mode: MvImmReg, D:RM2, S1:, S2:
[0x00DD] - 00000000 - Imm
[0x00DE] - 0F820000 - Opc: POP, Mode: SingleReg, D:RM1, S1:, S2:
[0x00DF] - 51C02400 - Opc: CMP, Mode: RegReg, D:, S1:RM1, S2:RM2
[0x00E0] - C3000000 - Opc: JE, Mode: JAbsAddr, D:, S1:, S2:
[0x00E1] - 00000000 - Imm
IF STMT CONSEQUENCE:
IF STATEMENT CONDITION:
[0x00E2] - 04C20000 - Opc: MOV, Mode: MvMemReg, D:RM1, S1:, S2:
[0x00E3] - 00000078 - Imm
[0x00E4] - 0B802000 - Opc: PUSH, Mode: SingleReg, D:, S1:RM1, S2:
[0x00E5] - 04C40000 - Opc: MOV, Mode: MvMemReg, D:RM2, S1:, S2:
[0x00E6] - 00000074 - Imm
[0x00E7] - 0F820000 - Opc: POP, Mode: SingleReg, D:RM1, S1:, S2:
[0x00E8] - 51C02400 - Opc: CMP, Mode: RegReg, D:, S1:RM1, S2:RM2
[0x00E9] - CF000000 - Opc: JL, Mode: JAbsAddr, D:, S1:, S2:
[0x00EA] - 00000000 - Imm
IF STMT CONSEQUENCE:
[0x00EB] - 04200000 - Opc: MOV, Mode: MvImmReg, D:RA, S1:, S2:
[0x00EC] - 00000000 - Imm
[0x00ED] - 04E00000 - Opc: MOV, Mode: MvRegMem, D:, S1:RA, S2:
[0x00EE] - 0000006C - Imm
[0x00EF] - 93E00000 - Opc: IRet, Mode: NoOperands, D:RA, S1:, S2:
