[0x0000|0000]: 0x000000B0 - 176
[0x0001|0001]: 0x00000000 - 0
[0x0002|0002]: 0x04C20000 - 79822848
[0x0003|0003]: 0x0000006C - 108
[0x0004|0004]: 0x0B802000 - 192946176
[0x0005|0005]: 0x04240000 - 69468160
[0x0006|0006]: 0x00000001 - 1
[0x0007|0007]: 0x0F820000 - 260177920
[0x0008|0008]: 0x51C02400 - 1371546624
[0x0009|0009]: 0xC7000000 - 3338665984
[0x000A|0010]: 0x0000000D - 13
[0x000B|0011]: 0x83000000 - 2197815296
[0x000C|0012]: 0x00000002 - 2
[0x000D|0013]: 0x04C00000 - 79691776
[0x000E|0014]: 0x00000074 - 116
[0x000F|0015]: 0x04E00000 - 81788928
[0x0010|0016]: 0x00000084 - 132
[0x0011|0017]: 0x04C20000 - 79822848
[0x0012|0018]: 0x0000007C - 124
[0x0013|0019]: 0x0B802000 - 192946176
[0x0014|0020]: 0x04240000 - 69468160
[0x0015|0021]: 0x00000001 - 1
[0x0016|0022]: 0x0F820000 - 260177920
[0x0017|0023]: 0x51C02400 - 1371546624
[0x0018|0024]: 0xC7000000 - 3338665984
[0x0019|0025]: 0x00000088 - 136
[0x001A|0026]: 0x04200000 - 69206016
[0x001B|0027]: 0x00000000 - 0
[0x001C|0028]: 0x04E00000 - 81788928
[0x001D|0029]: 0x0000007C - 124
[0x001E|0030]: 0x04200000 - 69206016
[0x001F|0031]: 0x00000000 - 0
[0x0020|0032]: 0x04E00000 - 81788928
[0x0021|0033]: 0x00000078 - 120
[0x0022|0034]: 0x04C20000 - 79822848
[0x0023|0035]: 0x00000078 - 120
[0x0024|0036]: 0x0B802000 - 192946176
[0x0025|0037]: 0x04C20000 - 79822848
[0x0026|0038]: 0x00000084 - 132
[0x0027|0039]: 0x0B802000 - 192946176
[0x0028|0040]: 0x04240000 - 69468160
[0x0029|0041]: 0x00000001 - 1
[0x002A|0042]: 0x0F820000 - 260177920
[0x002B|0043]: 0x46042400 - 1174676480
[0x002C|0044]: 0x0F820000 - 260177920
[0x002D|0045]: 0x51C02400 - 1371546624
[0x002E|0046]: 0xD3000000 - 3539992576
[0x002F|0047]: 0x0000007D - 125
[0x0030|0048]: 0x04C20000 - 79822848
[0x0031|0049]: 0x00000078 - 120
[0x0032|0050]: 0x0B802000 - 192946176
[0x0033|0051]: 0x04240000 - 69468160
[0x0034|0052]: 0x00000001 - 1
[0x0035|0053]: 0x0F820000 - 260177920
[0x0036|0054]: 0x42002400 - 1107305472
[0x0037|0055]: 0x04E00000 - 81788928
[0x0038|0056]: 0x00000080 - 128
[0x0039|0057]: 0x04C20000 - 79822848
[0x003A|0058]: 0x00000068 - 104
[0x003B|0059]: 0x04C40000 - 79953920
[0x003C|0060]: 0x00000078 - 120
[0x003D|0061]: 0x42062400 - 1107698688
[0x003E|0062]: 0x05E26000 - 98721792
[0x003F|0063]: 0x0B802000 - 192946176
[0x0040|0064]: 0x04C20000 - 79822848
[0x0041|0065]: 0x00000068 - 104
[0x0042|0066]: 0x04C40000 - 79953920
[0x0043|0067]: 0x00000080 - 128
[0x0044|0068]: 0x42062400 - 1107698688
[0x0045|0069]: 0x05E46000 - 98852864
[0x0046|0070]: 0x0F820000 - 260177920
[0x0047|0071]: 0x51C02400 - 1371546624
[0x0048|0072]: 0xD7000000 - 3607101440
[0x0049|0073]: 0x00000072 - 114
[0x004A|0074]: 0x04C20000 - 79822848
[0x004B|0075]: 0x00000068 - 104
[0x004C|0076]: 0x04C40000 - 79953920
[0x004D|0077]: 0x00000078 - 120
[0x004E|0078]: 0x42062400 - 1107698688
[0x004F|0079]: 0x05F86000 - 100163584
[0x0050|0080]: 0x04418000 - 71401472
[0x0051|0081]: 0x00000088 - 136
[0x0052|0082]: 0x04C20000 - 79822848
[0x0053|0083]: 0x00000068 - 104
[0x0054|0084]: 0x04C40000 - 79953920
[0x0055|0085]: 0x00000080 - 128
[0x0056|0086]: 0x42062400 - 1107698688
[0x0057|0087]: 0x05E06000 - 98590720
[0x0058|0088]: 0x04C20000 - 79822848
[0x0059|0089]: 0x00000068 - 104
[0x005A|0090]: 0x04C40000 - 79953920
[0x005B|0091]: 0x00000080 - 128
[0x005C|0092]: 0x42062400 - 1107698688
[0x005D|0093]: 0x05E06000 - 98590720
[0x005E|0094]: 0x04C20000 - 79822848
[0x005F|0095]: 0x00000068 - 104
[0x0060|0096]: 0x04C40000 - 79953920
[0x0061|0097]: 0x00000078 - 120
[0x0062|0098]: 0x42062400 - 1107698688
[0x0063|0099]: 0x04A60000 - 77987840
[0x0064|0100]: 0x04C00000 - 79691776
[0x0065|0101]: 0x00000088 - 136
[0x0066|0102]: 0x04C00000 - 79691776
[0x0067|0103]: 0x00000088 - 136
[0x0068|0104]: 0x04C20000 - 79822848
[0x0069|0105]: 0x00000068 - 104
[0x006A|0106]: 0x04C40000 - 79953920
[0x006B|0107]: 0x00000080 - 128
[0x006C|0108]: 0x42062400 - 1107698688
[0x006D|0109]: 0x04A60000 - 77987840
[0x006E|0110]: 0x04200000 - 69206016
[0x006F|0111]: 0x00000001 - 1
[0x0070|0112]: 0x04E00000 - 81788928
[0x0071|0113]: 0x0000007C - 124
[0x0072|0114]: 0x04C20000 - 79822848
[0x0073|0115]: 0x00000078 - 120
[0x0074|0116]: 0x0B802000 - 192946176
[0x0075|0117]: 0x04240000 - 69468160
[0x0076|0118]: 0x00000001 - 1
[0x0077|0119]: 0x0F820000 - 260177920
[0x0078|0120]: 0x42002400 - 1107305472
[0x0079|0121]: 0x04E00000 - 81788928
[0x007A|0122]: 0x00000078 - 120
[0x007B|0123]: 0x83000000 - 2197815296
[0x007C|0124]: 0x00000022 - 34
[0x007D|0125]: 0x04C20000 - 79822848
[0x007E|0126]: 0x00000084 - 132
[0x007F|0127]: 0x0B802000 - 192946176
[0x0080|0128]: 0x04240000 - 69468160
[0x0081|0129]: 0x00000001 - 1
[0x0082|0130]: 0x0F820000 - 260177920
[0x0083|0131]: 0x46002400 - 1174414336
[0x0084|0132]: 0x04E00000 - 81788928
[0x0085|0133]: 0x00000084 - 132
[0x0086|0134]: 0x83000000 - 2197815296
[0x0087|0135]: 0x00000011 - 17
[0x0088|0136]: 0x04C20000 - 79822848
[0x0089|0137]: 0x00000068 - 104
[0x008A|0138]: 0x04240000 - 69468160
[0x008B|0139]: 0x00000000 - 0
[0x008C|0140]: 0x42062400 - 1107698688
[0x008D|0141]: 0x05F86000 - 100163584
[0x008E|0142]: 0x04418000 - 71401472
[0x008F|0143]: 0x0000008C - 140
[0x0090|0144]: 0x04C20000 - 79822848
[0x0091|0145]: 0x00000090 - 144
[0x0092|0146]: 0x0B802000 - 192946176
[0x0093|0147]: 0x04C40000 - 79953920
[0x0094|0148]: 0x00000074 - 116
[0x0095|0149]: 0x0F820000 - 260177920
[0x0096|0150]: 0x51C02400 - 1371546624
[0x0097|0151]: 0xD3000000 - 3539992576
[0x0098|0152]: 0x000000AF - 175
[0x0099|0153]: 0x04C20000 - 79822848
[0x009A|0154]: 0x00000068 - 104
[0x009B|0155]: 0x04C40000 - 79953920
[0x009C|0156]: 0x00000090 - 144
[0x009D|0157]: 0x42062400 - 1107698688
[0x009E|0158]: 0x05E06000 - 98590720
[0x009F|0159]: 0x04E00000 - 81788928
[0x00A0|0160]: 0x0000008C - 140
[0x00A1|0161]: 0x04CC0000 - 80478208
[0x00A2|0162]: 0x0000008C - 140
[0x00A3|0163]: 0x6AA00000 - 1788870656
[0x00A4|0164]: 0x04C20000 - 79822848
[0x00A5|0165]: 0x00000090 - 144
[0x00A6|0166]: 0x0B802000 - 192946176
[0x00A7|0167]: 0x04240000 - 69468160
[0x00A8|0168]: 0x00000001 - 1
[0x00A9|0169]: 0x0F820000 - 260177920
[0x00AA|0170]: 0x42002400 - 1107305472
[0x00AB|0171]: 0x04E00000 - 81788928
[0x00AC|0172]: 0x00000090 - 144
[0x00AD|0173]: 0x83000000 - 2197815296
[0x00AE|0174]: 0x00000090 - 144
[0x00AF|0175]: 0x1BE00000 - 467664896
[0x00B0|0176]: 0x62A00000 - 1654652928
[0x00B1|0177]: 0x04E10000 - 81854464
[0x00B2|0178]: 0x00000094 - 148
[0x00B3|0179]: 0x04C20000 - 79822848
[0x00B4|0180]: 0x00000070 - 112
[0x00B5|0181]: 0x0B802000 - 192946176
[0x00B6|0182]: 0x04240000 - 69468160
[0x00B7|0183]: 0x00000000 - 0
[0x00B8|0184]: 0x0F820000 - 260177920
[0x00B9|0185]: 0x51C02400 - 1371546624
[0x00BA|0186]: 0xC7000000 - 3338665984
[0x00BB|0187]: 0x000000C6 - 198
[0x00BC|0188]: 0x04C00000 - 79691776
[0x00BD|0189]: 0x00000094 - 148
[0x00BE|0190]: 0x04E00000 - 81788928
[0x00BF|0191]: 0x00000074 - 116
[0x00C0|0192]: 0x04200000 - 69206016
[0x00C1|0193]: 0x00000001 - 1
[0x00C2|0194]: 0x04E00000 - 81788928
[0x00C3|0195]: 0x00000070 - 112
[0x00C4|0196]: 0x83000000 - 2197815296
[0x00C5|0197]: 0x000000EF - 239
[0x00C6|0198]: 0x04C00000 - 79691776
[0x00C7|0199]: 0x00000094 - 148
[0x00C8|0200]: 0x04C00000 - 79691776
[0x00C9|0201]: 0x00000094 - 148
[0x00CA|0202]: 0x04C20000 - 79822848
[0x00CB|0203]: 0x00000068 - 104
[0x00CC|0204]: 0x04C40000 - 79953920
[0x00CD|0205]: 0x00000078 - 120
[0x00CE|0206]: 0x42062400 - 1107698688
[0x00CF|0207]: 0x04A60000 - 77987840
[0x00D0|0208]: 0x04C20000 - 79822848
[0x00D1|0209]: 0x00000078 - 120
[0x00D2|0210]: 0x0B802000 - 192946176
[0x00D3|0211]: 0x04240000 - 69468160
[0x00D4|0212]: 0x00000001 - 1
[0x00D5|0213]: 0x0F820000 - 260177920
[0x00D6|0214]: 0x42002400 - 1107305472
[0x00D7|0215]: 0x04E00000 - 81788928
[0x00D8|0216]: 0x00000078 - 120
[0x00D9|0217]: 0x04C20000 - 79822848
[0x00DA|0218]: 0x00000074 - 116
[0x00DB|0219]: 0x0B802000 - 192946176
[0x00DC|0220]: 0x04240000 - 69468160
[0x00DD|0221]: 0x00000000 - 0
[0x00DE|0222]: 0x0F820000 - 260177920
[0x00DF|0223]: 0x51C02400 - 1371546624
[0x00E0|0224]: 0xC3000000 - 3271557120
[0x00E1|0225]: 0x000000EF - 239
[0x00E2|0226]: 0x04C20000 - 79822848
[0x00E3|0227]: 0x00000078 - 120
[0x00E4|0228]: 0x0B802000 - 192946176
[0x00E5|0229]: 0x04C40000 - 79953920
[0x00E6|0230]: 0x00000074 - 116
[0x00E7|0231]: 0x0F820000 - 260177920
[0x00E8|0232]: 0x51C02400 - 1371546624
[0x00E9|0233]: 0xCF000000 - 3472883712
[0x00EA|0234]: 0x000000EF - 239
[0x00EB|0235]: 0x04200000 - 69206016
[0x00EC|0236]: 0x00000000 - 0
[0x00ED|0237]: 0x04E00000 - 81788928
[0x00EE|0238]: 0x0000006C - 108
[0x00EF|0239]: 0x93E00000 - 2480930816
