--------------------------------------------------------------
TICK    0 @ 0x04220000 -  MOV MvImmReg; PC++ | PC=   1/0x1
TICK    1 - RM1<-#   1; PC++ | SP= 256/0x100
TICK    2 @ 0x0B802000 -  PUSH SingleRegMode; PC++ | PC=   3/0x3
TICK    3 - SP=SP-4 
TICK    4 - memD[0xFC]<-RM1 | memD[0xFC]=0x1
TICK    5 - memD[0xFD]<-RM1 | memD[0xFD]=0x0
TICK    6 - memD[0xFE]<-RM1 | memD[0xFE]=0x0
TICK    7 - memD[0xFF]<-RM1 | memD[0xFF]=0x0
TICK    8 @ 0x04240000 -  MOV MvImmReg; PC++ | PC=   4/0x4
TICK    9 - RM2<-#   2; PC++ | SP= 252/0xFC
TICK   10 @ 0x0F820000 -  POP SingleRegMode; PC++ | PC=   6/0x6
TICK   11 - RAddr<-SP | RAddr= 252/0xFC
TICK   12 - RM1<-memD[FC] | RM1=   1/0x1
TICK   13 - RM1<-memD[FD] | RM1=   1/0x1
TICK   14 - RM1<-memD[FE] | RM1=   1/0x1
TICK   15 - RM1<-memD[FF] | RM1=   1/0x1
TICK   16 - SP=SP+4 
TICK   17 @ 0x42022400 -  ADD MathRRR; PC++ | PC=   7/0x7
TICK   18 - RM1<-(RM1+RM2) | RM1=   3/0x3 N=0,Z=0,V=0,C=0
TICK   19 @ 0x0B802000 -  PUSH SingleRegMode; PC++ | PC=   8/0x8
TICK   20 - SP=SP-4 
TICK   21 - memD[0xFC]<-RM1 | memD[0xFC]=0x3
TICK   22 - memD[0xFD]<-RM1 | memD[0xFD]=0x0
TICK   23 - memD[0xFE]<-RM1 | memD[0xFE]=0x0
TICK   24 - memD[0xFF]<-RM1 | memD[0xFF]=0x0
TICK   25 @ 0x04220000 -  MOV MvImmReg; PC++ | PC=   9/0x9
TICK   26 - RM1<-#   3; PC++ | SP= 252/0xFC
TICK   27 @ 0x0B802000 -  PUSH SingleRegMode; PC++ | PC=  11/0xB
TICK   28 - SP=SP-4 
TICK   29 - memD[0xF8]<-RM1 | memD[0xF8]=0x3
TICK   30 - memD[0xF9]<-RM1 | memD[0xF9]=0x0
TICK   31 - memD[0xFA]<-RM1 | memD[0xFA]=0x0
TICK   32 - memD[0xFB]<-RM1 | memD[0xFB]=0x0
TICK   33 @ 0x04240000 -  MOV MvImmReg; PC++ | PC=  12/0xC
TICK   34 - RM2<-#   5; PC++ | SP= 248/0xF8
TICK   35 @ 0x0F820000 -  POP SingleRegMode; PC++ | PC=  14/0xE
TICK   36 - RAddr<-SP | RAddr= 248/0xF8
TICK   37 - RM1<-memD[F8] | RM1=   3/0x3
TICK   38 - RM1<-memD[F9] | RM1=   3/0x3
TICK   39 - RM1<-memD[FA] | RM1=   3/0x3
TICK   40 - RM1<-memD[FB] | RM1=   3/0x3
TICK   41 - SP=SP+4 
TICK   42 @ 0x4A042400 -  MUL MathRRR; PC++ | PC=  15/0xF
TICK   43 - RM2<-(RM1*RM2) | RM2=  15/0xF N=0,Z=0,V=0,C=0
TICK   44 @ 0x0F820000 -  POP SingleRegMode; PC++ | PC=  16/0x10
TICK   45 - RAddr<-SP | RAddr= 252/0xFC
TICK   46 - RM1<-memD[FC] | RM1=   3/0x3
TICK   47 - RM1<-memD[FD] | RM1=   3/0x3
TICK   48 - RM1<-memD[FE] | RM1=   3/0x3
TICK   49 - RM1<-memD[FF] | RM1=   3/0x3
TICK   50 - SP=SP+4 
TICK   51 @ 0x46002400 -  SUB MathRRR; PC++ | PC=  17/0x11
TICK   52 - RA<-(RM1-RM2) | RA= 4294967284/0xFFFFFFF4 N=1,Z=0,V=0,C=0
TICK   53 @ 0x04E00000 -  MOV MvRegMem; PC++ | PC=  18/0x12
TICK   54 - RAddr<-memI[0x12]; PC++ 
TICK   55 - memD[0x0]<-RA | memD[0x0]=0xF4
TICK   56 - memD[0x1]<-RA | memD[0x1]=0xFF
TICK   57 - memD[0x2]<-RA | memD[0x2]=0xFF
TICK   58 - memD[0x3]<-RA | memD[0x3]=0xFF
TICK   59 @ 0x04CC0000 -  MOV MvMemReg; PC++ | PC=  20/0x14
TICK   60 - RAddr<-memI[20]; PC++ | PC=  21/0x15 RAddr=0x0
TICK   61 - ROutData<-memD[0] | ROutData= 244/0xF4
TICK   62 - ROutData<-memD[1] | ROutData= 65524/0xFFF4
TICK   63 - ROutData<-memD[2] | ROutData= 16777204/0xFFFFF4
TICK   64 - ROutData<-memD[3] | ROutData= 4294967284/0xFFFFFFF4
TICK   65 @ 0x67F60000 -  OUT NoOperands; PC++ | PC=  22/0x16
TICK   66 - OUT port    1 <- ROutData (0xF4) | [244]
TICK   67 @ 0x1BE00000 -  HALT NoOperands; PC++ | PC=  23/0x17
TICK   68 - simultaion stopped
───── Port Outputs ─────
port    1: *
        F4
        244
