_____
[0x0|0]: 0x40
[0x1|1]: 0x00
[0x2|2]: 0x00
[0x3|3]: 0x00
_____
[0x4|4]: 0x05
[0x5|5]: 0x77
[0x6|6]: 0x68
[0x7|7]: 0x6F
_____
[0x8|8]: 0x3F
[0x9|9]: 0x20
[0xA|10]: 0x00
[0xB|11]: 0x00
_____
[0xC|12]: 0x01
[0xD|13]: 0x00
[0xE|14]: 0x00
[0xF|15]: 0x00
_____
[0x10|16]: 0x00
[0x11|17]: 0x00
[0x12|18]: 0x00
[0x13|19]: 0x00
_____
[0x14|20]: 0x03
[0x15|21]: 0x00
[0x16|22]: 0x00
[0x17|23]: 0x00
_____
[0x18|24]: 0x00
[0x19|25]: 0x00
[0x1A|26]: 0x00
[0x1B|27]: 0x00
_____
[0x1C|28]: 0x18
[0x1D|29]: 0x00
[0x1E|30]: 0x00
[0x1F|31]: 0x00
_____
[0x20|32]: 0x00
[0x21|33]: 0x00
[0x22|34]: 0x00
[0x23|35]: 0x00
_____
[0x24|36]: 0x20
[0x25|37]: 0x00
[0x26|38]: 0x00
[0x27|39]: 0x00
_____
[0x28|40]: 0x00
[0x29|41]: 0x00
[0x2A|42]: 0x00
[0x2B|43]: 0x00
_____
[0x2C|44]: 0x28
[0x2D|45]: 0x00
[0x2E|46]: 0x00
[0x2F|47]: 0x00
_____
[0x30|48]: 0x06
[0x31|49]: 0x68
[0x32|50]: 0x65
[0x33|51]: 0x6C
_____
[0x34|52]: 0x6C
[0x35|53]: 0x6F
[0x36|54]: 0x2C
[0x37|55]: 0x00
_____
[0x38|56]: 0x01
[0x39|57]: 0x00
[0x3A|58]: 0x00
[0x3B|59]: 0x00
_____
[0x3C|60]: 0x38
[0x3D|61]: 0x00
[0x3E|62]: 0x00
[0x3F|63]: 0x00
