[0x0002] - 04220000 - Opc: MOV, Mode: MvImmReg, D:RM1, S1:, S2:
[0x0003] - 00000000 - Imm
[0x0004] - 0B802000 - Opc: PUSH, Mode: SingleReg, D:, S1:RM1, S2:
[0x0005] - 04240000 - Opc: MOV, Mode: MvImmReg, D:RM2, S1:, S2:
[0x0006] - 00000003 - Imm
[0x0007] - 0F820000 - Opc: POP, Mode: SingleReg, D:RM1, S1:, S2:
[0x0008] - 46022400 - Opc: SUB, Mode: MathRRR, D:RM1, S1:RM1, S2:RM2
[0x0009] - 0B802000 - Opc: PUSH, Mode: SingleReg, D:, S1:RM1, S2:
[0x000A] - 04240000 - Opc: MOV, Mode: MvImmReg, D:RM2, S1:, S2:
[0x000B] - 00000005 - Imm
[0x000C] - 0F820000 - Opc: POP, Mode: SingleReg, D:RM1, S1:, S2:
[0x000D] - 46002400 - Opc: SUB, Mode: MathRRR, D:RA, S1:RM1, S2:RM2
[0x000E] - 04E00000 - Opc: MOV, Mode: MvRegMem, D:, S1:RA, S2:
[0x000F] - 00000000 - Imm
PRINT STMT
[0x0010] - 04CC0000 - Opc: MOV, Mode: MvMemReg, D:ROutData, S1:, S2:
[0x0011] - 00000000 - Imm
[0x0012] - 6AA00000 - Opc: OUT, Mode: Word, D:port Digit, S1:, S2:
[0x0013] - 1BE00000 - Opc: HALT, Mode: NoOperands, D:, S1:, S2:
INTERRUPTION 1 STMT
[0x0014] - 93E20000 - Opc: IRet, Mode: NoOperands, D:RM1, S1:, S2:
